Summary of SPARK analysis
=========================

---------------------------------------------------------------------------------------------------------
SPARK Analysis results        Total        Flow   Interval   CodePeer      Provers   Justified   Unproved
---------------------------------------------------------------------------------------------------------
Data Dependencies                 .           .          .          .            .           .          .
Flow Dependencies                 .           .          .          .            .           .          .
Initialization                   29          29          .          .            .           .          .
Non-Aliasing                      .           .          .          .            .           .          .
Run-time Checks                  11           .          .          .    11 (CVC4)           .          .
Assertions                       15           .          .          .    15 (CVC4)           .          .
Functional Contracts             13           .          .          .    13 (CVC4)           .          .
LSP Verification                  .           .          .          .            .           .          .
---------------------------------------------------------------------------------------------------------
Total                            68    29 (43%)          .          .     39 (57%)           .          .


Analyzed 5 units
in unit fibonacci_functions, 5 subprograms and packages out of 5 analyzed
  fibonacci_functions at fibonacci_functions.ads:1 flow analyzed (0 errors, 0 checks and 0 warnings) and proved (0 checks)
  fibonacci_functions.fibo_closest_value at fibonacci_functions.ads:16 flow analyzed (0 errors, 0 checks and 0 warnings) and proved (11 checks)
  fibonacci_functions.fibo_get_value at fibonacci_functions.ads:7 flow analyzed (0 errors, 0 checks and 0 warnings) and proved (6 checks)
  fibonacci_functions.fibo_is_fibo_value at fibonacci_functions.ads:35 flow analyzed (0 errors, 0 checks and 0 warnings) and proved (11 checks)
  fibonacci_functions.fibo_values_vector at fibonacci_functions.ads:26 flow analyzed (0 errors, 0 checks and 0 warnings) and proved (11 checks)
in unit main, 0 subprograms and packages out of 1 analyzed
  Main at main.adb:4 skipped
in unit test_assertions, 0 subprograms and packages out of 4 analyzed
  Test_Assertions.Assert_False at test_assertions.ads:9 skipped
  Test_Assertions.Assert_False at test_assertions.ads:15 skipped
  Test_Assertions.Assert_True at test_assertions.ads:6 skipped
  Test_Assertions.Assert_True at test_assertions.ads:12 skipped
in unit test_fibonacci_functions, 0 subprograms and packages out of 1 analyzed
  test_fibonacci_functions at test_fibonacci_functions.adb:5 skipped
in unit use_fibo, 0 subprograms and packages out of 1 analyzed
  use_fibo at use_fibo.adb:4 skipped
